Arguments: 
  C:\Program Files\nodejs\node.exe C:\Users\Vidhya Kothadia\AppData\Roaming\npm\node_modules\yarn\bin\yarn.js add react-native-gradient-buttons

PATH: 
  C:\Program Files\Java\jre1.8.0_171\bin;C:\Program Files\Java\jdk1.8.0_171\bin;C:\Program Files (x86)\Intel\Intel(R) Management Engine Components\iCLS\;C:\Program Files\Intel\Intel(R) Management Engine Components\iCLS\;C:\Windows\system32;C:\Windows;C:\Windows\System32\Wbem;C:\Windows\System32\WindowsPowerShell\v1.0\;C:\Windows\System32\OpenSSH\;C:\Program Files (x86)\Intel\Intel(R) Management Engine Components\DAL;C:\Program Files\Intel\Intel(R) Management Engine Components\DAL;C:\Program Files (x86)\Intel\Intel(R) Management Engine Components\IPT;C:\Program Files\Intel\Intel(R) Management Engine Components\IPT;C:\Program Files\nodejs\;C:\Program Files\Git\cmd;C:\Program Files\Git\bin;C:\platform-tools;C:\platform tools;C:\Users\Vidhya Kothadia\AppData\Local\Microsoft\WindowsApps;C:\Users\Vidhya Kothadia\AppData\Roaming\npm;C:\Users\Vidhya Kothadia\AppData\Local\Programs\Microsoft VS Code\bin;

Yarn version: 
  1.17.3

Node version: 
  12.6.0

Platform: 
  win32 x64

Trace: 
  Error: EPERM: operation not permitted, unlink 'C:\Users\Vidhya Kothadia\Desktop\FoodHunt\node_modules\core-js-pure\internals'

npm manifest: 
  {
    "main": "node_modules/expo/AppEntry.js",
    "scripts": {
      "start": "expo start",
      "android": "expo start --android",
      "ios": "expo start --ios",
      "web": "expo start --web",
      "eject": "expo eject"
    },
    "dependencies": {
      "@expo/samples": "2.1.1",
      "@expo/vector-icons": "^10.0.3",
      "expo": "^34.0.1",
      "expo-facebook": "^6.0.0",
      "expo-linear-gradient": "^6.0.0",
      "firebase": "^6.6.1",
      "react": "16.8.3",
      "react-dom": "^16.8.6",
      "react-native": "https://github.com/expo/react-native/archive/sdk-34.0.0.tar.gz",
      "react-native-gesture-handler": "^1.3.0",
      "react-native-paper": "^2.16.0",
      "react-native-remote-svg": "^2.0.6",
      "react-native-web": "^0.11.4",
      "react-native-webview": "^5.12.1",
      "react-navigation": "^3.11.1",
      "react-navigation-transitions": "^1.0.12"
    },
    "devDependencies": {
      "babel-preset-expo": "^6.0.0"
    },
    "private": true
  }

yarn manifest: 
  No manifest

Lockfile: 
  No lockfile
